<?xml version="1.0" encoding="UTF-8"?>
<testsuite name="store.ApplicationTest" tests="1" skipped="0" failures="0" errors="0" timestamp="2024-11-17T05:23:30" hostname="gimhuiyeong-ui-MacBookAir.local" time="0.061">
  <properties/>
  <testcase name="예외_테스트()" classname="store.ApplicationTest" time="0.061"/>
  <system-out><![CDATA[안녕하세요. W편의점입니다.
현재 보유하고 있는 상품입니다.

- 콜라 1,000원 10개 탄산2+1
- 콜라 1,000원 10개 
- 사이다 1,000원 8개 탄산2+1
- 사이다 1,000원 7개 
- 오렌지주스 1,800원 9개 MD추천상품
- 탄산수 1,200원 5개 탄산2+1
- 물 500원 10개 
- 비타민워터 1,500원 6개 
- 감자칩 1,500원 5개 반짝할인
- 감자칩 1,500원 5개 
- 초코바 1,200원 5개 MD추천상품
- 초코바 1,200원 5개 
- 에너지바 2,000원 5개 
- 정식도시락 6,400원 8개 
- 컵라면 1,700원 1개 MD추천상품
- 컵라면 1,700원 10개 
- 콜라 1,000원 재고 없음
- 사이다 1,000원 재고 없음
- 오렌지주스 1,800원 재고 없음
- 탄산수 1,200원 재고 없음
- 감자칩 1,500원 재고 없음
- 초코바 1,200원 재고 없음
- 컵라면 1,700원 재고 없음

구매하실 상품명과 수량을 입력해 주세요. (예: [사이다-2],[감자칩-1])

멤버십 할인을 받으시겠습니까? (Y/N)

==============W 편의점================
상품명		수량	금액
[ERROR] 재고 수량을 초과하여 구매할 수 없습니다. 다시 입력해 주세요.

구매하실 상품명과 수량을 입력해 주세요. (예: [사이다-2],[감자칩-1])

멤버십 할인을 받으시겠습니까? (Y/N)
]]></system-out>
  <system-err><![CDATA[]]></system-err>
</testsuite>
